<?xml version='1.0' encoding='UTF-8'?>
<testsuite hostname="Andis-iMac-5.local" name="biz.neumann.empire.PilotTest" tests="5" errors="0" failures="0" time="0.029">
                <properties>
[...]
</properties>
                <testcase classname="biz.neumann.empire.PilotTest" name="A pilot should be defined" time="0.013"> 
                    </testcase><testcase classname="biz.neumann.empire.PilotTest" name="A pilot should have a name" time="0.001"> 
                    </testcase><testcase classname="biz.neumann.empire.PilotTest" name="A pilot should be indifferent when not stated otherwise which side he is on" time="0.009"> 
                    </testcase><testcase classname="biz.neumann.empire.PilotTest" name="A pilot should be no Jedi by default" time="0.001"> 
                    </testcase><testcase classname="biz.neumann.empire.PilotTest" name="A pilot should be able to change sides" time="0.005"> 
                    </testcase>
                <system-out></system-out>
                <system-err></system-err>
                </testsuite>